INFO:apscheduler.scheduler:Adding job tentatively -- it will be properly scheduled when the scheduler starts
INFO:apscheduler.scheduler:Added job "check_inactive_users" to job store "default"
INFO:apscheduler.scheduler:Scheduler started
INFO:werkzeug:[31m[1mWARNING: This is a development server. Do not use it in a production deployment. Use a production WSGI server instead.[0m
 * Running on https://127.0.0.1:5000
INFO:werkzeug:[33mPress CTRL+C to quit[0m
INFO:werkzeug: * Restarting with stat
INFO:apscheduler.scheduler:Adding job tentatively -- it will be properly scheduled when the scheduler starts
INFO:apscheduler.scheduler:Added job "check_inactive_users" to job store "default"
INFO:apscheduler.scheduler:Scheduler started
WARNING:werkzeug: * Debugger is active!
INFO:werkzeug: * Debugger PIN: 228-019-719
INFO:apscheduler.scheduler:Adding job tentatively -- it will be properly scheduled when the scheduler starts
INFO:apscheduler.scheduler:Added job "check_inactive_users" to job store "default"
INFO:apscheduler.scheduler:Scheduler started
INFO:werkzeug: * Detected change in '/Users/akshatagrawal/Desktop/kyc-biometric/backend/app.py', reloading
INFO:werkzeug: * Restarting with stat
INFO:apscheduler.scheduler:Adding job tentatively -- it will be properly scheduled when the scheduler starts
INFO:apscheduler.scheduler:Added job "check_inactive_users" to job store "default"
INFO:apscheduler.scheduler:Scheduler started
WARNING:werkzeug: * Debugger is active!
INFO:werkzeug: * Debugger PIN: 228-019-719
INFO:apscheduler.scheduler:Adding job tentatively -- it will be properly scheduled when the scheduler starts
INFO:apscheduler.scheduler:Added job "check_inactive_users" to job store "default"
INFO:apscheduler.scheduler:Scheduler started
INFO:werkzeug:[31m[1mWARNING: This is a development server. Do not use it in a production deployment. Use a production WSGI server instead.[0m
 * Running on https://127.0.0.1:5001
INFO:werkzeug:[33mPress CTRL+C to quit[0m
INFO:werkzeug: * Restarting with stat
INFO:apscheduler.scheduler:Adding job tentatively -- it will be properly scheduled when the scheduler starts
INFO:apscheduler.scheduler:Added job "check_inactive_users" to job store "default"
INFO:apscheduler.scheduler:Scheduler started
WARNING:werkzeug: * Debugger is active!
INFO:werkzeug: * Debugger PIN: 228-019-719
INFO:werkzeug: * Detected change in '/Users/akshatagrawal/Desktop/kyc-biometric/backend/app.py', reloading
INFO:werkzeug: * Detected change in '/Users/akshatagrawal/Desktop/kyc-biometric/backend/app.py', reloading
INFO:werkzeug: * Restarting with stat
INFO:werkzeug: * Restarting with stat
INFO:apscheduler.scheduler:Adding job tentatively -- it will be properly scheduled when the scheduler starts
INFO:apscheduler.scheduler:Added job "check_inactive_users" to job store "default"
INFO:apscheduler.scheduler:Scheduler started
INFO:werkzeug:[31m[1mWARNING: This is a development server. Do not use it in a production deployment. Use a production WSGI server instead.[0m
 * Running on https://127.0.0.1:5001
INFO:werkzeug:[33mPress CTRL+C to quit[0m
INFO:werkzeug: * Restarting with stat
INFO:apscheduler.scheduler:Adding job tentatively -- it will be properly scheduled when the scheduler starts
INFO:apscheduler.scheduler:Added job "check_inactive_users" to job store "default"
INFO:apscheduler.scheduler:Scheduler started
WARNING:werkzeug: * Debugger is active!
INFO:werkzeug: * Debugger PIN: 228-019-719
INFO:apscheduler.scheduler:Adding job tentatively -- it will be properly scheduled when the scheduler starts
INFO:apscheduler.scheduler:Added job "check_inactive_users" to job store "default"
INFO:apscheduler.scheduler:Scheduler started
INFO:werkzeug:[31m[1mWARNING: This is a development server. Do not use it in a production deployment. Use a production WSGI server instead.[0m
 * Running on https://127.0.0.1:5001
INFO:werkzeug:[33mPress CTRL+C to quit[0m
INFO:werkzeug: * Restarting with stat
INFO:apscheduler.scheduler:Adding job tentatively -- it will be properly scheduled when the scheduler starts
INFO:apscheduler.scheduler:Added job "check_inactive_users" to job store "default"
INFO:apscheduler.scheduler:Scheduler started
WARNING:werkzeug: * Debugger is active!
INFO:werkzeug: * Debugger PIN: 228-019-719
INFO:apscheduler.scheduler:Adding job tentatively -- it will be properly scheduled when the scheduler starts
INFO:apscheduler.scheduler:Added job "check_inactive_users" to job store "default"
INFO:apscheduler.scheduler:Scheduler started
INFO:werkzeug:127.0.0.1 - - [21/Jul/2024 22:28:19] "[35m[1mPOST /register HTTP/1.1[0m" 500 -
INFO:werkzeug: * Detected change in '/Users/akshatagrawal/Desktop/kyc-biometric/backend/app.py', reloading
INFO:werkzeug: * Restarting with stat
INFO:apscheduler.scheduler:Adding job tentatively -- it will be properly scheduled when the scheduler starts
INFO:apscheduler.scheduler:Added job "check_inactive_users" to job store "default"
INFO:apscheduler.scheduler:Scheduler started
INFO:werkzeug:[31m[1mWARNING: This is a development server. Do not use it in a production deployment. Use a production WSGI server instead.[0m
 * Running on https://127.0.0.1:5001
INFO:werkzeug:[33mPress CTRL+C to quit[0m
INFO:werkzeug: * Restarting with stat
INFO:apscheduler.scheduler:Adding job tentatively -- it will be properly scheduled when the scheduler starts
INFO:apscheduler.scheduler:Added job "check_inactive_users" to job store "default"
INFO:apscheduler.scheduler:Scheduler started
WARNING:werkzeug: * Debugger is active!
INFO:werkzeug: * Debugger PIN: 228-019-719
INFO:root:New user registered: testuser
INFO:werkzeug:127.0.0.1 - - [21/Jul/2024 22:35:56] "[35m[1mPOST /register HTTP/1.1[0m" 201 -
INFO:werkzeug:127.0.0.1 - - [21/Jul/2024 22:36:13] "[35m[1mPOST /login HTTP/1.1[0m" 500 -
INFO:werkzeug: * Detected change in '/Users/akshatagrawal/Desktop/kyc-biometric/backend/app.py', reloading
INFO:werkzeug: * Restarting with stat
INFO:apscheduler.scheduler:Adding job tentatively -- it will be properly scheduled when the scheduler starts
INFO:apscheduler.scheduler:Added job "check_inactive_users" to job store "default"
INFO:apscheduler.scheduler:Scheduler started
WARNING:werkzeug: * Debugger is active!
INFO:werkzeug: * Debugger PIN: 228-019-719
INFO:root:User logged in: testuser
INFO:werkzeug:127.0.0.1 - - [21/Jul/2024 22:38:18] "POST /login HTTP/1.1" 200 -
INFO:apscheduler.scheduler:Adding job tentatively -- it will be properly scheduled when the scheduler starts
INFO:apscheduler.scheduler:Added job "check_inactive_users" to job store "default"
INFO:apscheduler.scheduler:Scheduler started
INFO:werkzeug:[31m[1mWARNING: This is a development server. Do not use it in a production deployment. Use a production WSGI server instead.[0m
 * Running on https://127.0.0.1:5001
INFO:werkzeug:[33mPress CTRL+C to quit[0m
INFO:werkzeug: * Restarting with stat
INFO:apscheduler.scheduler:Adding job tentatively -- it will be properly scheduled when the scheduler starts
INFO:apscheduler.scheduler:Added job "check_inactive_users" to job store "default"
INFO:apscheduler.scheduler:Scheduler started
WARNING:werkzeug: * Debugger is active!
INFO:werkzeug: * Debugger PIN: 228-019-719
INFO:werkzeug: * Detected change in '/Users/akshatagrawal/Desktop/kyc-biometric/backend/app.py', reloading
INFO:werkzeug: * Restarting with stat
INFO:apscheduler.scheduler:Adding job tentatively -- it will be properly scheduled when the scheduler starts
INFO:apscheduler.scheduler:Added job "check_inactive_users" to job store "default"
INFO:apscheduler.scheduler:Scheduler started
WARNING:werkzeug: * Debugger is active!
INFO:werkzeug: * Debugger PIN: 228-019-719
INFO:apscheduler.scheduler:Adding job tentatively -- it will be properly scheduled when the scheduler starts
INFO:apscheduler.scheduler:Added job "check_inactive_users" to job store "default"
INFO:apscheduler.scheduler:Scheduler started
INFO:werkzeug:[31m[1mWARNING: This is a development server. Do not use it in a production deployment. Use a production WSGI server instead.[0m
 * Running on https://127.0.0.1:5001
INFO:werkzeug:[33mPress CTRL+C to quit[0m
INFO:apscheduler.scheduler:Adding job tentatively -- it will be properly scheduled when the scheduler starts
INFO:apscheduler.scheduler:Added job "check_inactive_users" to job store "default"
INFO:apscheduler.scheduler:Scheduler started
INFO:werkzeug:[31m[1mWARNING: This is a development server. Do not use it in a production deployment. Use a production WSGI server instead.[0m
 * Running on http://127.0.0.1:5001
INFO:werkzeug:[33mPress CTRL+C to quit[0m
INFO:apscheduler.scheduler:Adding job tentatively -- it will be properly scheduled when the scheduler starts
INFO:apscheduler.scheduler:Added job "check_inactive_users" to job store "default"
INFO:apscheduler.scheduler:Scheduler started
INFO:werkzeug:[31m[1mWARNING: This is a development server. Do not use it in a production deployment. Use a production WSGI server instead.[0m
 * Running on http://127.0.0.1:5000
INFO:werkzeug:[33mPress CTRL+C to quit[0m
INFO:apscheduler.scheduler:Adding job tentatively -- it will be properly scheduled when the scheduler starts
INFO:apscheduler.scheduler:Added job "check_inactive_users" to job store "default"
INFO:apscheduler.scheduler:Scheduler started
INFO:werkzeug:[31m[1mWARNING: This is a development server. Do not use it in a production deployment. Use a production WSGI server instead.[0m
 * Running on http://127.0.0.1:5000
INFO:werkzeug:[33mPress CTRL+C to quit[0m
INFO:apscheduler.scheduler:Adding job tentatively -- it will be properly scheduled when the scheduler starts
INFO:apscheduler.scheduler:Added job "check_inactive_users" to job store "default"
INFO:apscheduler.scheduler:Scheduler started
INFO:apscheduler.scheduler:Adding job tentatively -- it will be properly scheduled when the scheduler starts
INFO:apscheduler.scheduler:Added job "check_inactive_users" to job store "default"
INFO:apscheduler.scheduler:Scheduler started
INFO:werkzeug:[31m[1mWARNING: This is a development server. Do not use it in a production deployment. Use a production WSGI server instead.[0m
 * Running on http://127.0.0.1:5001
INFO:werkzeug:[33mPress CTRL+C to quit[0m
INFO:werkzeug:127.0.0.1 - - [21/Jul/2024 22:54:20] "[31m[1mPOST /register HTTP/1.1[0m" 400 -
ERROR:werkzeug:127.0.0.1 - - [21/Jul/2024 22:54:54] code 400, message Bad request version ('\x02h2\x08http/1.1Di\x00\x05\x00\x03\x02h2\x00\x05\x00\x05\x01\x00\x00\x00\x00\x00\x12\x00\x00\x00')
INFO:werkzeug:127.0.0.1 - - [21/Jul/2024 22:54:54] "[31m[1m\x16\x03\x01\x06ò\x01\x00\x06î\x03\x03!\x1dà8\x853wÐ2\x86_]ý\x1as"Z\x1fÆ¤N\x89\x94»\x1b\x95\x8c\x83,~N´ %G{Åz°E\x85/;\x98k\x11Nñ\x93É\x9aò|\x9d²õË\x17{4\x99ÒD\x18\x02\x00 ºº\x13\x01\x13\x02\x13\x03À+À/À,À0Ì©Ì¨À\x13À\x14\x00\x9c\x00\x9d\x00/\x005\x01\x00\x06\x85\x1a\x1a\x00\x00ÿ\x01\x00\x01\x00\x00#\x00\x00\x00\x10\x00\x0e\x00\x0c\x02h2\x08http/1.1Di\x00\x05\x00\x03\x02h2\x00\x05\x00\x05\x01\x00\x00\x00\x00\x00\x12\x00\x00\x00[0m" 400 -
ERROR:werkzeug:127.0.0.1 - - [21/Jul/2024 22:54:54] code 400, message Bad request version ('y,\x8cþ"2EëÍ\x95\x18mÂ\x00O$é')
INFO:werkzeug:127.0.0.1 - - [21/Jul/2024 22:54:54] "[31m[1m\x16\x03\x01\x07\x12\x01\x00\x07\x0e\x03\x03Ç&I~ÞNÒ]\x07c]\x91v`\x0bý1\x18JÏýNû\x9b3nÑ#\x12ë£\x81 \x1dß²\x97°\x81½OÝ6ýÁ!,\x07°\x99c¼2\x10aºô`\x877b¡n\x86³\x00 ::\x13\x01\x13\x02\x13\x03À+À/À,À0Ì©Ì¨À\x13À\x14\x00\x9c\x00\x9d\x00/\x005\x01\x00\x06¥::\x00\x00\x003\x04ï\x04íºº\x00\x01\x00c\x99\x04Àö¿\x9fuéµÖâ\x8c M\x17R}\x98(\x1fy?Õ/2Øøz\x86\\Ü~\x12/\x09\x0f!\x1ey,\x8cþ"2EëÍ\x95\x18mÂ\x00O$é[0m" 400 -
INFO:apscheduler.scheduler:Adding job tentatively -- it will be properly scheduled when the scheduler starts
INFO:apscheduler.scheduler:Added job "check_inactive_users" to job store "default"
INFO:apscheduler.scheduler:Scheduler started
INFO:werkzeug:[31m[1mWARNING: This is a development server. Do not use it in a production deployment. Use a production WSGI server instead.[0m
 * Running on http://127.0.0.1:5001
INFO:werkzeug:[33mPress CTRL+C to quit[0m
INFO:apscheduler.scheduler:Adding job tentatively -- it will be properly scheduled when the scheduler starts
INFO:apscheduler.scheduler:Added job "check_inactive_users" to job store "default"
INFO:apscheduler.scheduler:Scheduler started
INFO:werkzeug:[31m[1mWARNING: This is a development server. Do not use it in a production deployment. Use a production WSGI server instead.[0m
 * Running on http://127.0.0.1:5001
INFO:werkzeug:[33mPress CTRL+C to quit[0m
INFO:apscheduler.scheduler:Adding job tentatively -- it will be properly scheduled when the scheduler starts
INFO:apscheduler.scheduler:Added job "check_inactive_users" to job store "default"
INFO:apscheduler.scheduler:Scheduler started
INFO:werkzeug:[31m[1mWARNING: This is a development server. Do not use it in a production deployment. Use a production WSGI server instead.[0m
 * Running on http://127.0.0.1:5002
INFO:werkzeug:[33mPress CTRL+C to quit[0m
INFO:werkzeug:[31m[1mWARNING: This is a development server. Do not use it in a production deployment. Use a production WSGI server instead.[0m
 * Running on http://127.0.0.1:5002
INFO:werkzeug:[33mPress CTRL+C to quit[0m
